<?xml version="1.0" encoding="utf-8"?><testsuites><testsuite errors="0" failures="0" hostname="DavidWork" name="pytest" skipped="0" tests="1" time="0.871" timestamp="2020-09-26T23:45:41.141748"><testcase classname="tests.test_views" file="tests\test_views.py" line="14" name="test_index_route" time="0.035"><system-out>--------------------------------- Captured Log ---------------------------------

--------------------------------- Captured Out ---------------------------------

</system-out><system-err>--------------------------------- Captured Err ---------------------------------

</system-err></testcase></testsuite></testsuites>